<?xml version="1.0" encoding="utf-8"?><testsuites name="pytest tests"><testsuite name="pytest" errors="0" failures="0" skipped="0" tests="51" time="4.358" timestamp="2026-08-02T15:57:53.128698+00:00" hostname="agent-env-b58acf40-f707-44a3-8230-a88c858917a7"><testcase classname="tests.test_review_iteration5" name="test_login_returns_jwt" time="0.369" /><testcase classname="tests.test_review_iteration5" name="test_pm_products_list" time="0.434" /><testcase classname="tests.test_review_iteration5" name="test_pm_facets" time="0.106" /><testcase classname="tests.test_review_iteration5" name="test_pm_template" time="0.222" /><testcase classname="tests.test_review_iteration5" name="test_pdf_sorter_config_get" time="0.103" /><testcase classname="tests.test_review_iteration5" name="test_pdf_sorter_sku_upsert_and_delete" time="0.236" /><testcase classname="tests.test_review_iteration5" name="test_pdf_sorter_courier_upsert_and_delete" time="0.213" /><testcase classname="tests.test_review_iteration5" name="test_pdf_sorter_runs_list" time="0.107" /><testcase classname="tests.test_review_iteration5" name="test_sku_analysis_tree_shape" time="0.106" /><testcase classname="tests.test_review_iteration5" name="test_seed_produces_five_products" time="0.248" /><testcase classname="tests.test_review_iteration5" name="test_filter_category_vertis" time="0.104" /><testcase classname="tests.test_review_iteration5" name="test_filter_color_blue" time="0.120" /><testcase classname="tests.test_review_iteration5" name="test_search_sku1" time="0.113" /><testcase classname="tests.test_review_iteration5" name="test_sort_cost_asc" time="0.117" /><testcase classname="tests.test_review_iteration5" name="test_pagination" time="0.219" /><testcase classname="tests.test_review_iteration5" name="test_has_sku_filter" time="0.102" /><testcase classname="tests.test_product_master_api.TestUpload" name="test_dry_run_then_commit" time="0.288" /><testcase classname="tests.test_product_master_api.TestUpload" name="test_skip_confirmation_direct_commit" time="0.032" /><testcase classname="tests.test_product_master_api.TestUpload" name="test_upsert_updates_existing" time="0.048" /><testcase classname="tests.test_product_master_api.TestUpload" name="test_unknown_account_surfaces" time="0.024" /><testcase classname="tests.test_product_master_api.TestUpload" name="test_sku_clash_detected" time="0.038" /><testcase classname="tests.test_product_master_api.TestCrudAndFilters" name="test_filter_by_category" time="0.040" /><testcase classname="tests.test_product_master_api.TestCrudAndFilters" name="test_filter_by_account" time="0.045" /><testcase classname="tests.test_product_master_api.TestCrudAndFilters" name="test_search_by_sku" time="0.042" /><testcase classname="tests.test_product_master_api.TestCrudAndFilters" name="test_search_by_color" time="0.047" /><testcase classname="tests.test_product_master_api.TestCrudAndFilters" name="test_has_sku_false" time="0.028" /><testcase classname="tests.test_product_master_api.TestCrudAndFilters" name="test_sort_cost_asc" time="0.037" /><testcase classname="tests.test_product_master_api.TestCrudAndFilters" name="test_pagination" time="0.054" /><testcase classname="tests.test_product_master_api.TestCrudAndFilters" name="test_create_update_delete" time="0.041" /><testcase classname="tests.test_product_master_api.TestTemplateAndExport" name="test_template_download" time="0.022" /><testcase classname="tests.test_product_master_api.TestTemplateAndExport" name="test_export_roundtrip" time="0.040" /><testcase classname="tests.test_product_master_api.TestSkuAnalysisTree" name="test_empty_tree_when_no_products" time="0.016" /><testcase classname="tests.test_product_master_api.TestSkuAnalysisTree" name="test_tree_reflects_pm_shape" time="0.036" /><testcase classname="tests.test_product_master_service.TestSplitCsvField" name="test_basic_comma" time="0.000" /><testcase classname="tests.test_product_master_service.TestSplitCsvField" name="test_semicolon_pipe_newline" time="0.000" /><testcase classname="tests.test_product_master_service.TestSplitCsvField" name="test_trim_dedupe_case_insensitive" time="0.000" /><testcase classname="tests.test_product_master_service.TestSplitCsvField" name="test_empty_and_nan" time="0.000" /><testcase classname="tests.test_product_master_service.TestSplitCsvField" name="test_number_input" time="0.000" /><testcase classname="tests.test_product_master_service.TestSafeFloat" name="test_cases[110-110.0_0]" time="0.000" /><testcase classname="tests.test_product_master_service.TestSafeFloat" name="test_cases[1,200-1200.0]" time="0.000" /><testcase classname="tests.test_product_master_service.TestSafeFloat" name="test_cases[  99.5 -99.5]" time="0.000" /><testcase classname="tests.test_product_master_service.TestSafeFloat" name="test_cases[110-110.0_1]" time="0.000" /><testcase classname="tests.test_product_master_service.TestSafeFloat" name="test_cases[-None]" time="0.000" /><testcase classname="tests.test_product_master_service.TestSafeFloat" name="test_cases[abc-None]" time="0.000" /><testcase classname="tests.test_product_master_service.TestSafeFloat" name="test_cases[None-None]" time="0.000" /><testcase classname="tests.test_product_master_service.TestSafeFloat" name="test_nan" time="0.000" /><testcase classname="tests.test_product_master_service.TestParseExcel" name="test_happy_path" time="0.009" /><testcase classname="tests.test_product_master_service.TestParseExcel" name="test_missing_required_columns_raises" time="0.007" /><testcase classname="tests.test_product_master_service.TestParseExcel" name="test_row_validation_errors" time="0.009" /><testcase classname="tests.test_product_master_service.TestParseExcel" name="test_empty_skus_and_sizes_allowed" time="0.008" /><testcase classname="tests.test_product_master_service.TestParseExcel" name="test_row_number_reflects_excel_row" time="0.008" /></testsuite></testsuites>