<?xml version="1.0" encoding="utf-8"?><testsuites name="pytest tests"><testsuite name="pytest" errors="0" failures="0" skipped="1" tests="20" time="38.448" timestamp="2026-05-01T17:09:14.158172+00:00" hostname="agent-env-22e9945f-f98d-4dca-9025-e8f6bbfada55"><testcase classname="backend.tests.test_iteration3.TestAccountsDefaults" name="test_defaults_returns_free_port_and_profile" time="2.378" /><testcase classname="backend.tests.test_iteration3.TestAccountsCRUD" name="test_create_account" time="1.721" /><testcase classname="backend.tests.test_iteration3.TestAccountsCRUD" name="test_create_duplicate_name_rejected" time="1.780" /><testcase classname="backend.tests.test_iteration3.TestAccountsCRUD" name="test_create_duplicate_port_rejected" time="1.257" /><testcase classname="backend.tests.test_iteration3.TestAccountsCRUD" name="test_update_account_toggle_enabled" time="1.477" /><testcase classname="backend.tests.test_iteration3.TestAccountsCRUD" name="test_update_invalid_id" time="0.302" /><testcase classname="backend.tests.test_iteration3.TestAccountsCRUD" name="test_delete_account" time="2.739" /><testcase classname="backend.tests.test_iteration3.TestLabelsRunNow" name="test_run_now_all_accounts_true" time="1.940" /><testcase classname="backend.tests.test_iteration3.TestLabelsRunNow" name="test_run_now_empty_body_defaults_all" time="0.975" /><testcase classname="backend.tests.test_iteration3.TestLabelsRunNow" name="test_run_now_single_account" time="2.606" /><testcase classname="backend.tests.test_iteration3.TestLabelsRunNow" name="test_run_now_single_account_duplicate" time="0.747" /><testcase classname="backend.tests.test_iteration3.TestSettingsSkipRules" name="test_put_skip_dates_and_weekdays_persist" time="1.490" /><testcase classname="backend.tests.test_iteration3.TestSettingsSkipRules" name="test_next_runs_includes_expected_ids" time="3.002" /><testcase classname="backend.tests.test_iteration3.TestSettingsSkipRules" name="test_skip_today_blocks_label_enqueue" time="4.008" /><testcase classname="backend.tests.test_iteration3.TestSnapshot" name="test_snapshot_writes_history_rows" time="4.439" /><testcase classname="backend.tests.test_iteration3.TestAlerts" name="test_check_now_returns_ok" time="3.279" /><testcase classname="backend.tests.test_iteration3.TestAlerts" name="test_list_alerts_shape" time="0.975" /><testcase classname="backend.tests.test_iteration3.TestAlerts" name="test_mark_read_and_delete" time="0.974"><skipped type="pytest.skip" message="no alerts to mark/delete (expected in preview env)">/app/backend/tests/test_iteration3.py:316: no alerts to mark/delete (expected in preview env)</skipped></testcase><testcase classname="backend.tests.test_iteration3.TestAlerts" name="test_read_invalid_id" time="0.278" /><testcase classname="backend.tests.test_iteration3.TestAlerts" name="test_read_missing_id" time="2.013" /></testsuite></testsuites>