<?xml version="1.0" encoding="utf-8"?><testsuites name="pytest tests"><testsuite name="pytest" errors="0" failures="12" skipped="1" tests="141" time="29.804" timestamp="2026-08-21T14:59:28.189279+00:00" hostname="agent-env-7206d576-c474-4c32-a56b-05baa3f959eb"><testcase classname="tests.backend_test.TestAuth" name="test_login_success" time="0.392" /><testcase classname="tests.backend_test.TestAuth" name="test_login_invalid" time="0.271" /><testcase classname="tests.backend_test.TestAuth" name="test_me_requires_token" time="0.147" /><testcase classname="tests.backend_test.TestAuth" name="test_me_with_token" time="0.335" /><testcase classname="tests.backend_test.TestJobs" name="test_create_job_valid" time="0.074" /><testcase classname="tests.backend_test.TestJobs" name="test_create_job_invalid_url" time="0.064" /><testcase classname="tests.backend_test.TestJobs" name="test_bulk_create" time="0.065" /><testcase classname="tests.backend_test.TestJobs" name="test_list_jobs_filter" time="0.081" /><testcase classname="tests.backend_test.TestJobs" name="test_list_jobs_search" time="0.116" /><testcase classname="tests.backend_test.TestJobs" name="test_jobs_stats" time="0.060" /><testcase classname="tests.backend_test.TestJobs" name="test_retry_job" time="0.126" /><testcase classname="tests.backend_test.TestJobs" name="test_retry_invalid_id" time="0.057" /><testcase classname="tests.backend_test.TestJobs" name="test_retry_missing_id" time="0.055" /><testcase classname="tests.backend_test.TestJobs" name="test_delete_invalid_id" time="0.054" /><testcase classname="tests.backend_test.TestJobs" name="test_delete_missing_id" time="0.051" /><testcase classname="tests.backend_test.TestJobs" name="test_delete_created_job" time="0.167" /><testcase classname="tests.backend_test.TestJobs" name="test_reset_stuck" time="0.051" /><testcase classname="tests.backend_test.TestProducts" name="test_list_products" time="0.059"><failure message="AssertionError: Expected {'8sa1ay', 'aeop5q'} in set()&#10;assert False&#10; +  where False = &lt;built-in method issubset of set object at 0xf8eb92833d80&gt;(set())&#10; +    where &lt;built-in method issubset of set object at 0xf8eb92833d80&gt; = {'8sa1ay', 'aeop5q'}.issubset">E   AssertionError: Expected {'8sa1ay', 'aeop5q'} in set()
    assert False
     +  where False = &lt;built-in method issubset of set object at 0xf8eb92833d80&gt;(set())
     +    where &lt;built-in method issubset of set object at 0xf8eb92833d80&gt; = {'8sa1ay', 'aeop5q'}.issubset</failure></testcase><testcase classname="tests.backend_test.TestProducts" name="test_products_search" time="0.059"><failure message="assert False&#10; +  where False = any(&lt;generator object TestProducts.test_products_search.&lt;locals&gt;.&lt;genexpr&gt; at 0xf8eb74e8dd20&gt;)">E   assert False
     +  where False = any(&lt;generator object TestProducts.test_products_search.&lt;locals&gt;.&lt;genexpr&gt; at 0xf8eb74e8dd20&gt;)</failure></testcase><testcase classname="tests.backend_test.TestProducts" name="test_products_sort" time="0.050" /><testcase classname="tests.backend_test.TestProducts" name="test_product_detail" time="0.060"><failure message="assert 404 == 200&#10; +  where 404 = &lt;Response [404]&gt;.status_code">E   assert 404 == 200
     +  where 404 = &lt;Response [404]&gt;.status_code</failure></testcase><testcase classname="tests.backend_test.TestProducts" name="test_product_detail_missing" time="0.053" /><testcase classname="tests.backend_test.TestAnalytics" name="test_overview" time="0.056" /><testcase classname="tests.test_inventory_actions" name="test_options_root" time="0.668" /><testcase classname="tests.test_inventory_actions" name="test_preview_rejects_unknown_size" time="1.040" /><testcase classname="tests.test_inventory_actions" name="test_preview_whole_product" time="1.047" /><testcase classname="tests.test_inventory_actions" name="test_pause_queues_and_dedupes" time="1.500" /><testcase classname="tests.test_inventory_actions" name="test_history_empty_filter" time="0.161" /><testcase classname="tests.test_iteration10.TestAnalyzerKPIs" name="test_profit_is_net_after_ads" time="0.670" /><testcase classname="tests.test_iteration10.TestMissingSKUCosts" name="test_response_shape" time="0.173" /><testcase classname="tests.test_iteration10.TestMissingSKUCosts" name="test_export_xlsx" time="0.165" /><testcase classname="tests.test_iteration10.TestPdfSorterTier" name="test_tier_constant" time="0.020" /><testcase classname="tests.test_iteration10.TestPdfSorterTier" name="test_recent_runs_has_tier_fields" time="0.142" /><testcase classname="tests.test_iteration10.TestPdfSorterTier" name="test_runs_has_tier_fields" time="0.166" /><testcase classname="tests.test_iteration10.TestPdfSorterTier" name="test_unmatched_export" time="0.172" /><testcase classname="tests.test_iteration10.TestInventoryHistoryRegression" name="test_history" time="0.149" /><testcase classname="tests.test_iteration2.TestHealth" name="test_health_ok" time="0.589" /><testcase classname="tests.test_iteration2.TestProductsImageTracked" name="test_list_includes_image_and_tracked" time="0.074"><failure message="AssertionError: aeop5q missing in products list&#10;assert 'aeop5q' in {}">E   AssertionError: aeop5q missing in products list
    assert 'aeop5q' in {}</failure></testcase><testcase classname="tests.test_iteration2.TestProductsImageTracked" name="test_detail_image_is_valid_url_for_existing" time="0.074"><failure message="AssertionError: aeop5q: {&quot;detail&quot;:&quot;Product not found&quot;}&#10;assert 404 == 200&#10; +  where 404 = &lt;Response [404]&gt;.status_code">E   AssertionError: aeop5q: {"detail":"Product not found"}
    assert 404 == 200
     +  where 404 = &lt;Response [404]&gt;.status_code</failure></testcase><testcase classname="tests.test_iteration2.TestProductsImageTracked" name="test_list_image_falls_back_to_review_media" time="0.099"><failure message="assert None is not None">E   assert None is not None</failure></testcase><testcase classname="tests.test_iteration2.TestTrackToggle" name="test_toggle_off_and_on" time="0.203"><failure message="assert 404 == 200&#10; +  where 404 = &lt;Response [404]&gt;.status_code">E   assert 404 == 200
     +  where 404 = &lt;Response [404]&gt;.status_code</failure></testcase><testcase classname="tests.test_iteration2.TestTrackToggle" name="test_toggle_unknown_pid_404" time="0.091" /><testcase classname="tests.test_iteration2.TestProductHistory" name="test_history_empty_items" time="0.098" /><testcase classname="tests.test_iteration2.TestJobsType" name="test_create_job_default_type" time="0.220" /><testcase classname="tests.test_iteration2.TestJobsType" name="test_filter_by_type" time="0.418" /><testcase classname="tests.test_iteration2.TestLabels" name="test_run_now_and_idempotent" time="0.403"><failure message="AssertionError: {'ok': True, 'queued': [{'account_id': '6a6b75d4db9b40c2c3df67a5', 'id': '6a8867db4a9f9bb8550f7f29', 'name': 'Account1'}, {'account_id': '6a6b75d4db9b40c2c3df67a6', 'id': '6a8867db4a9f9bb8550f7f2a', 'name': 'Account2'}], 'skipped': []}&#10;assert None">E   AssertionError: {'ok': True, 'queued': [{'account_id': '6a6b75d4db9b40c2c3df67a5', 'id': '6a8867db4a9f9bb8550f7f29', 'name': 'Account1'}, {'account_id': '6a6b75d4db9b40c2c3df67a6', 'id': '6a8867db4a9f9bb8550f7f2a', 'name': 'Account2'}], 'skipped': []}
    assert None</failure></testcase><testcase classname="tests.test_iteration2.TestLabels" name="test_runs_sorted_and_type" time="0.149" /><testcase classname="tests.test_iteration2.TestSettings" name="test_get_settings_shape" time="0.144" /><testcase classname="tests.test_iteration2.TestSettings" name="test_put_valid_settings_updates_next_runs" time="0.152"><failure message="AssertionError: assert 'daily_label' in {'alerts_check': '2026-08-21T20:30:00+05:30', 'daily_gst_tax_fetch': '2026-08-22T02:00:00+05:30', 'daily_label_0': '2026-08-22T09:45:00+05:30', 'daily_scrape': '2026-08-22T11:30:00+05:30', ...}">E   AssertionError: assert 'daily_label' in {'alerts_check': '2026-08-21T20:30:00+05:30', 'daily_gst_tax_fetch': '2026-08-22T02:00:00+05:30', 'daily_label_0': '2026-08-22T09:45:00+05:30', 'daily_scrape': '2026-08-22T11:30:00+05:30', ...}</failure></testcase><testcase classname="tests.test_iteration2.TestSettings" name="test_put_invalid_time_hour" time="0.132" /><testcase classname="tests.test_iteration2.TestSettings" name="test_put_invalid_time_garbage" time="0.131" /><testcase classname="tests.test_iteration2.TestSettings" name="test_label_disabled_omits_job" time="0.215" /><testcase classname="tests.test_iteration2.TestSchedulerRunNow" name="test_run_now_scrape_idempotent" time="0.684" /><testcase classname="tests.test_iteration2.TestSchedulerRunNow" name="test_run_now_label" time="0.633" /><testcase classname="tests.test_iteration2.TestSchedulerRunNow" name="test_run_now_garbage_400" time="0.179" /><testcase classname="tests.test_iteration3.TestAccountsDefaults" name="test_defaults_returns_free_port_and_profile" time="0.618" /><testcase classname="tests.test_iteration3.TestAccountsCRUD" name="test_create_account" time="0.142" /><testcase classname="tests.test_iteration3.TestAccountsCRUD" name="test_create_duplicate_name_rejected" time="0.198" /><testcase classname="tests.test_iteration3.TestAccountsCRUD" name="test_create_duplicate_port_rejected" time="0.136" /><testcase classname="tests.test_iteration3.TestAccountsCRUD" name="test_update_account_toggle_enabled" time="0.143" /><testcase classname="tests.test_iteration3.TestAccountsCRUD" name="test_update_invalid_id" time="0.069" /><testcase classname="tests.test_iteration3.TestAccountsCRUD" name="test_delete_account" time="0.256" /><testcase classname="tests.test_iteration3.TestLabelsRunNow" name="test_run_now_all_accounts_true" time="0.132" /><testcase classname="tests.test_iteration3.TestLabelsRunNow" name="test_run_now_empty_body_defaults_all" time="0.073" /><testcase classname="tests.test_iteration3.TestLabelsRunNow" name="test_run_now_single_account" time="0.342" /><testcase classname="tests.test_iteration3.TestLabelsRunNow" name="test_run_now_single_account_duplicate" time="0.064" /><testcase classname="tests.test_iteration3.TestSettingsSkipRules" name="test_put_skip_dates_and_weekdays_persist" time="0.146" /><testcase classname="tests.test_iteration3.TestSettingsSkipRules" name="test_next_runs_includes_expected_ids" time="0.146"><failure message="AssertionError: next_runs missing daily_label: {'alerts_check': '2026-08-21T20:30:00+05:30', 'daily_gst_tax_fetch': '2026-08-22T02:00:00+05:30', 'daily_label_0': '2026-08-22T09:30:00+05:30', 'daily_scrape': '2026-08-22T11:00:00+05:30', 'daily_snapshot': '2026-08-22T11:05:00+05:30', 'weekly_payments_fetch': '2026-08-24T09:00:00+05:30', 'monthly_payments_fetch': '2026-09-05T09:00:00+05:30'}&#10;assert 'daily_label' in {'alerts_check': '2026-08-21T20:30:00+05:30', 'daily_gst_tax_fetch': '2026-08-22T02:00:00+05:30', 'daily_label_0': '2026-08-22T09:30:00+05:30', 'daily_scrape': '2026-08-22T11:00:00+05:30', ...}">E   AssertionError: next_runs missing daily_label: {'alerts_check': '2026-08-21T20:30:00+05:30', 'daily_gst_tax_fetch': '2026-08-22T02:00:00+05:30', 'daily_label_0': '2026-08-22T09:30:00+05:30', 'daily_scrape': '2026-08-22T11:00:00+05:30', 'daily_snapshot': '2026-08-22T11:05:00+05:30', 'weekly_payments_fetch': '2026-08-24T09:00:00+05:30', 'monthly_payments_fetch': '2026-09-05T09:00:00+05:30'}
    assert 'daily_label' in {'alerts_check': '2026-08-21T20:30:00+05:30', 'daily_gst_tax_fetch': '2026-08-22T02:00:00+05:30', 'daily_label_0': '2026-08-22T09:30:00+05:30', 'daily_scrape': '2026-08-22T11:00:00+05:30', ...}</failure></testcase><testcase classname="tests.test_iteration3.TestSettingsSkipRules" name="test_skip_today_blocks_label_enqueue" time="1.787" /><testcase classname="tests.test_iteration3.TestSnapshot" name="test_snapshot_writes_history_rows" time="1.718"><failure message="AssertionError: snapshot did not write history: before=0 after=0&#10;assert 0 &gt;= (0 + 1)">E   AssertionError: snapshot did not write history: before=0 after=0
    assert 0 &gt;= (0 + 1)</failure></testcase><testcase classname="tests.test_iteration3.TestAlerts" name="test_check_now_returns_ok" time="0.098" /><testcase classname="tests.test_iteration3.TestAlerts" name="test_list_alerts_shape" time="0.069" /><testcase classname="tests.test_iteration3.TestAlerts" name="test_mark_read_and_delete" time="0.064"><skipped type="pytest.skip" message="no alerts to mark/delete (expected in preview env)">/app/backend/tests/test_iteration3.py:316: no alerts to mark/delete (expected in preview env)</skipped></testcase><testcase classname="tests.test_iteration3.TestAlerts" name="test_read_invalid_id" time="0.095" /><testcase classname="tests.test_iteration3.TestAlerts" name="test_read_missing_id" time="0.223" /><testcase classname="tests.test_pdf_sorter_iter6" name="test_default_courier_rules_seeded" time="0.728" /><testcase classname="tests.test_pdf_sorter_iter6" name="test_admin_reset_wipes_everything" time="0.184" /><testcase classname="tests.test_pdf_sorter_iter6" name="test_process_returns_expected_shape" time="0.157" /><testcase classname="tests.test_pdf_sorter_iter6" name="test_analytics_matches_run" time="0.134" /><testcase classname="tests.test_pdf_sorter_iter6" name="test_analytics_date_filter_today" time="0.119" /><testcase classname="tests.test_pdf_sorter_iter6" name="test_download_headers_and_filename" time="0.140"><failure message="AssertionError: Cache-Control missing 'max-age=0': no-store, no-cache, must-revalidate&#10;assert 'max-age=0' in 'no-store, no-cache, must-revalidate'">E   AssertionError: Cache-Control missing 'max-age=0': no-store, no-cache, must-revalidate
    assert 'max-age=0' in 'no-store, no-cache, must-revalidate'</failure></testcase><testcase classname="tests.test_pdf_sorter_iter6" name="test_download_twice_same_url" time="0.301" /><testcase classname="tests.test_pdf_sorter_iter6" name="test_tier1_plus_tier2_equals_master_equals_total" time="0.283" /><testcase classname="tests.test_pdf_sorter_iter6" name="test_download_404_for_missing_file" time="0.085" /><testcase classname="tests.test_pl_analyzer" name="test_analyzer_kpis" time="0.504" /><testcase classname="tests.test_pl_analyzer" name="test_analyzer_trend" time="0.132" /><testcase classname="tests.test_pl_analyzer" name="test_analyzer_accounts" time="0.132" /><testcase classname="tests.test_pl_analyzer" name="test_sku_analysis_tree" time="0.145" /><testcase classname="tests.test_pl_analyzer" name="test_analyzer_export_xlsx" time="0.185" /><testcase classname="tests.test_pl_analyzer" name="test_analyzer_kpis_requires_auth" time="0.176" /><testcase classname="tests.test_product_master_api.TestUpload" name="test_dry_run_then_commit" time="0.332" /><testcase classname="tests.test_product_master_api.TestUpload" name="test_skip_confirmation_direct_commit" time="0.031" /><testcase classname="tests.test_product_master_api.TestUpload" name="test_upsert_updates_existing" time="0.046" /><testcase classname="tests.test_product_master_api.TestUpload" name="test_unknown_account_surfaces" time="0.024" /><testcase classname="tests.test_product_master_api.TestUpload" name="test_sku_clash_detected" time="0.036" /><testcase classname="tests.test_product_master_api.TestCrudAndFilters" name="test_filter_by_category" time="0.037" /><testcase classname="tests.test_product_master_api.TestCrudAndFilters" name="test_filter_by_account" time="0.075" /><testcase classname="tests.test_product_master_api.TestCrudAndFilters" name="test_search_by_sku" time="0.081" /><testcase classname="tests.test_product_master_api.TestCrudAndFilters" name="test_search_by_color" time="0.041" /><testcase classname="tests.test_product_master_api.TestCrudAndFilters" name="test_has_sku_false" time="0.026" /><testcase classname="tests.test_product_master_api.TestCrudAndFilters" name="test_sort_cost_asc" time="0.034" /><testcase classname="tests.test_product_master_api.TestCrudAndFilters" name="test_pagination" time="0.043" /><testcase classname="tests.test_product_master_api.TestCrudAndFilters" name="test_create_update_delete" time="0.038" /><testcase classname="tests.test_product_master_api.TestTemplateAndExport" name="test_template_download" time="0.020" /><testcase classname="tests.test_product_master_api.TestTemplateAndExport" name="test_export_roundtrip" time="0.036" /><testcase classname="tests.test_product_master_api.TestSkuAnalysisTree" name="test_empty_tree_when_no_products" time="0.015" /><testcase classname="tests.test_product_master_api.TestSkuAnalysisTree" name="test_tree_reflects_pm_shape" time="0.029" /><testcase classname="tests.test_product_master_service.TestSplitCsvField" name="test_basic_comma" time="0.000" /><testcase classname="tests.test_product_master_service.TestSplitCsvField" name="test_semicolon_pipe_newline" time="0.000" /><testcase classname="tests.test_product_master_service.TestSplitCsvField" name="test_trim_dedupe_case_insensitive" time="0.000" /><testcase classname="tests.test_product_master_service.TestSplitCsvField" name="test_empty_and_nan" time="0.000" /><testcase classname="tests.test_product_master_service.TestSplitCsvField" name="test_number_input" time="0.000" /><testcase classname="tests.test_product_master_service.TestSafeFloat" name="test_cases[110-110.0_0]" time="0.000" /><testcase classname="tests.test_product_master_service.TestSafeFloat" name="test_cases[1,200-1200.0]" time="0.000" /><testcase classname="tests.test_product_master_service.TestSafeFloat" name="test_cases[  99.5 -99.5]" time="0.000" /><testcase classname="tests.test_product_master_service.TestSafeFloat" name="test_cases[110-110.0_1]" time="0.000" /><testcase classname="tests.test_product_master_service.TestSafeFloat" name="test_cases[-None]" time="0.000" /><testcase classname="tests.test_product_master_service.TestSafeFloat" name="test_cases[abc-None]" time="0.000" /><testcase classname="tests.test_product_master_service.TestSafeFloat" name="test_cases[None-None]" time="0.000" /><testcase classname="tests.test_product_master_service.TestSafeFloat" name="test_nan" time="0.000" /><testcase classname="tests.test_product_master_service.TestParseExcel" name="test_happy_path" time="0.009" /><testcase classname="tests.test_product_master_service.TestParseExcel" name="test_missing_required_columns_raises" time="0.008" /><testcase classname="tests.test_product_master_service.TestParseExcel" name="test_row_validation_errors" time="0.009" /><testcase classname="tests.test_product_master_service.TestParseExcel" name="test_empty_skus_and_sizes_allowed" time="0.009" /><testcase classname="tests.test_product_master_service.TestParseExcel" name="test_row_number_reflects_excel_row" time="0.008" /><testcase classname="tests.test_review_iteration5" name="test_login_returns_jwt" time="0.407" /><testcase classname="tests.test_review_iteration5" name="test_pm_products_list" time="0.615" /><testcase classname="tests.test_review_iteration5" name="test_pm_facets" time="0.156" /><testcase classname="tests.test_review_iteration5" name="test_pm_template" time="0.163" /><testcase classname="tests.test_review_iteration5" name="test_pdf_sorter_config_get" time="0.125" /><testcase classname="tests.test_review_iteration5" name="test_pdf_sorter_sku_upsert_and_delete" time="0.358" /><testcase classname="tests.test_review_iteration5" name="test_pdf_sorter_courier_upsert_and_delete" time="0.333" /><testcase classname="tests.test_review_iteration5" name="test_pdf_sorter_runs_list" time="0.127" /><testcase classname="tests.test_review_iteration5" name="test_sku_analysis_tree_shape" time="0.154" /><testcase classname="tests.test_review_iteration5" name="test_seed_produces_five_products" time="0.291" /><testcase classname="tests.test_review_iteration5" name="test_filter_category_vertis" time="0.185" /><testcase classname="tests.test_review_iteration5" name="test_filter_color_blue" time="0.144" /><testcase classname="tests.test_review_iteration5" name="test_search_sku1" time="0.178" /><testcase classname="tests.test_review_iteration5" name="test_sort_cost_asc" time="0.203" /><testcase classname="tests.test_review_iteration5" name="test_pagination" time="0.299" /><testcase classname="tests.test_review_iteration5" name="test_has_sku_filter" time="1.086" /></testsuite></testsuites>