<?xml version="1.0" encoding="utf-8"?><testsuites name="pytest tests"><testsuite name="pytest" errors="0" failures="0" skipped="0" tests="5" time="6.229" timestamp="2026-08-19T13:59:24.967793+00:00" hostname="agent-env-7206d576-c474-4c32-a56b-05baa3f959eb"><testcase classname="tests.test_inventory_actions" name="test_options_root" time="0.835" /><testcase classname="tests.test_inventory_actions" name="test_preview_rejects_unknown_size" time="1.924" /><testcase classname="tests.test_inventory_actions" name="test_preview_whole_product" time="1.297" /><testcase classname="tests.test_inventory_actions" name="test_pause_queues_and_dedupes" time="1.562" /><testcase classname="tests.test_inventory_actions" name="test_history_empty_filter" time="0.151" /></testsuite></testsuites>