<?xml version="1.0" encoding="utf-8"?><testsuites name="pytest tests"><testsuite name="pytest" errors="0" failures="0" skipped="0" tests="9" time="1.214" timestamp="2026-08-13T17:34:46.288303+00:00" hostname="agent-env-b58acf40-f707-44a3-8230-a88c858917a7"><testcase classname="tests.test_pdf_sorter_iter6" name="test_default_courier_rules_seeded" time="0.231" /><testcase classname="tests.test_pdf_sorter_iter6" name="test_admin_reset_wipes_everything" time="0.088" /><testcase classname="tests.test_pdf_sorter_iter6" name="test_process_returns_expected_shape" time="0.106" /><testcase classname="tests.test_pdf_sorter_iter6" name="test_analytics_matches_run" time="0.044" /><testcase classname="tests.test_pdf_sorter_iter6" name="test_analytics_date_filter_today" time="0.046" /><testcase classname="tests.test_pdf_sorter_iter6" name="test_download_headers_and_filename" time="0.051" /><testcase classname="tests.test_pdf_sorter_iter6" name="test_download_twice_same_url" time="0.129" /><testcase classname="tests.test_pdf_sorter_iter6" name="test_tier1_plus_tier2_equals_master_equals_total" time="0.132" /><testcase classname="tests.test_pdf_sorter_iter6" name="test_download_404_for_missing_file" time="0.043" /></testsuite></testsuites>