<?xml version="1.0" encoding="utf-8"?><testsuites name="pytest tests"><testsuite name="pytest" errors="0" failures="1" skipped="0" tests="19" time="26.530" timestamp="2026-04-30T14:54:00.203723+00:00" hostname="agent-env-fee1234a-471f-45ce-964c-01f10f7e16ae"><testcase classname="backend.tests.test_iteration2.TestHealth" name="test_health_ok" time="1.449" /><testcase classname="backend.tests.test_iteration2.TestProductsImageTracked" name="test_list_includes_image_and_tracked" time="0.773" /><testcase classname="backend.tests.test_iteration2.TestProductsImageTracked" name="test_detail_image_is_valid_url_for_existing" time="1.078" /><testcase classname="backend.tests.test_iteration2.TestProductsImageTracked" name="test_list_image_falls_back_to_review_media" time="0.776"><failure message="AssertionError: List endpoint image for aeop5q is None — expected fallback to review media URL&#10;assert (False)&#10; +  where False = isinstance(None, str)">backend/tests/test_iteration2.py:102: in test_list_image_falls_back_to_review_media
    assert isinstance(img, str) and img.startswith("http"), \
E   AssertionError: List endpoint image for aeop5q is None — expected fallback to review media URL
E   assert (False)
E    +  where False = isinstance(None, str)</failure></testcase><testcase classname="backend.tests.test_iteration2.TestTrackToggle" name="test_toggle_off_and_on" time="2.140" /><testcase classname="backend.tests.test_iteration2.TestTrackToggle" name="test_toggle_unknown_pid_404" time="0.530" /><testcase classname="backend.tests.test_iteration2.TestProductHistory" name="test_history_empty_items" time="0.527" /><testcase classname="backend.tests.test_iteration2.TestJobsType" name="test_create_job_default_type" time="1.073" /><testcase classname="backend.tests.test_iteration2.TestJobsType" name="test_filter_by_type" time="2.326" /><testcase classname="backend.tests.test_iteration2.TestLabels" name="test_run_now_and_idempotent" time="2.385" /><testcase classname="backend.tests.test_iteration2.TestLabels" name="test_runs_sorted_and_type" time="0.531" /><testcase classname="backend.tests.test_iteration2.TestSettings" name="test_get_settings_shape" time="0.532" /><testcase classname="backend.tests.test_iteration2.TestSettings" name="test_put_valid_settings_updates_next_runs" time="1.011" /><testcase classname="backend.tests.test_iteration2.TestSettings" name="test_put_invalid_time_hour" time="0.306" /><testcase classname="backend.tests.test_iteration2.TestSettings" name="test_put_invalid_time_garbage" time="0.292" /><testcase classname="backend.tests.test_iteration2.TestSettings" name="test_label_disabled_omits_job" time="1.011" /><testcase classname="backend.tests.test_iteration2.TestSchedulerRunNow" name="test_run_now_scrape_idempotent" time="5.898" /><testcase classname="backend.tests.test_iteration2.TestSchedulerRunNow" name="test_run_now_label" time="2.362" /><testcase classname="backend.tests.test_iteration2.TestSchedulerRunNow" name="test_run_now_garbage_400" time="1.311" /></testsuite></testsuites>