<?xml version="1.0" encoding="utf-8"?><testsuites name="pytest tests"><testsuite name="pytest" errors="0" failures="0" skipped="0" tests="17" time="4.517" timestamp="2026-08-21T16:33:26.585638+00:00" hostname="agent-env-7206d576-c474-4c32-a56b-05baa3f959eb"><testcase classname="backend.tests.test_iteration12.TestInventorySync" name="test_history" time="0.857" /><testcase classname="backend.tests.test_iteration12.TestInventorySync" name="test_last_sync_all" time="0.141" /><testcase classname="backend.tests.test_iteration12.TestInventorySync" name="test_live" time="0.138" /><testcase classname="backend.tests.test_iteration12.TestInventorySync" name="test_missing" time="0.152" /><testcase classname="backend.tests.test_iteration12.TestInventorySync" name="test_live_export" time="0.347" /><testcase classname="backend.tests.test_iteration12.TestInventorySync" name="test_missing_export" time="0.146" /><testcase classname="backend.tests.test_iteration12.TestInventorySync" name="test_run_dedupe" time="0.331" /><testcase classname="backend.tests.test_iteration12.TestInventorySync" name="test_run_rejects_all" time="0.163" /><testcase classname="backend.tests.test_iteration12.TestAutoAccept" name="test_settings_list" time="0.248" /><testcase classname="backend.tests.test_iteration12.TestAutoAccept" name="test_put_toggle" time="0.514" /><testcase classname="backend.tests.test_iteration12.TestAutoAccept" name="test_put_interval_reject_small" time="0.131" /><testcase classname="backend.tests.test_iteration12.TestAutoAccept" name="test_put_interval_ok" time="0.138" /><testcase classname="backend.tests.test_iteration12.TestAutoAccept" name="test_run_now_dedupe" time="0.494" /><testcase classname="backend.tests.test_iteration12.TestAutoAccept" name="test_history" time="0.134" /><testcase classname="backend.tests.test_iteration12.TestMissingSeeded" name="test_only_on_meesho_after_seed" time="0.424" /><testcase classname="backend.tests.test_iteration12.TestScheduler" name="test_auto_accept_poll_registered" time="0.004" /><testcase classname="backend.tests.test_iteration12.TestWorkerSanity" name="test_job_types" time="0.000" /></testsuite></testsuites>