<?xml version="1.0" encoding="utf-8"?><testsuites name="pytest tests"><testsuite name="pytest" errors="0" failures="1" skipped="0" tests="16" time="3.470" timestamp="2026-08-02T15:57:35.943211+00:00" hostname="agent-env-b58acf40-f707-44a3-8230-a88c858917a7"><testcase classname="tests.test_review_iteration5" name="test_login_returns_jwt" time="0.399" /><testcase classname="tests.test_review_iteration5" name="test_pm_products_list" time="0.440" /><testcase classname="tests.test_review_iteration5" name="test_pm_facets" time="0.117" /><testcase classname="tests.test_review_iteration5" name="test_pm_template" time="0.244" /><testcase classname="tests.test_review_iteration5" name="test_pdf_sorter_config_get" time="0.105" /><testcase classname="tests.test_review_iteration5" name="test_pdf_sorter_sku_upsert_and_delete" time="0.223" /><testcase classname="tests.test_review_iteration5" name="test_pdf_sorter_courier_upsert_and_delete" time="0.255" /><testcase classname="tests.test_review_iteration5" name="test_pdf_sorter_runs_list" time="0.112" /><testcase classname="tests.test_review_iteration5" name="test_sku_analysis_tree_shape" time="0.116" /><testcase classname="tests.test_review_iteration5" name="test_seed_produces_five_products" time="0.293" /><testcase classname="tests.test_review_iteration5" name="test_filter_category_vertis" time="0.116" /><testcase classname="tests.test_review_iteration5" name="test_filter_color_blue" time="0.109" /><testcase classname="tests.test_review_iteration5" name="test_search_sku1" time="0.119" /><testcase classname="tests.test_review_iteration5" name="test_sort_cost_asc" time="0.121" /><testcase classname="tests.test_review_iteration5" name="test_pagination" time="0.211"><failure message="AssertionError: assert False&#10; +  where False = &lt;built-in method isdisjoint of set object at 0xf986bb43c820&gt;({'6a6f6899564a652cc0d4b052', '6a6f68cd210ed5a7d1f803e3'})&#10; +    where &lt;built-in method isdisjoint of set object at 0xf986bb43c820&gt; = {'6a6f6899564a652cc0d4b052', '6a6f68cd210ed5a7d1f803eb'}.isdisjoint">tests/test_review_iteration5.py:223: in test_pagination
    assert ids1.isdisjoint(ids2)
E   AssertionError: assert False
E    +  where False = &lt;built-in method isdisjoint of set object at 0xf986bb43c820&gt;({'6a6f6899564a652cc0d4b052', '6a6f68cd210ed5a7d1f803e3'})
E    +    where &lt;built-in method isdisjoint of set object at 0xf986bb43c820&gt; = {'6a6f6899564a652cc0d4b052', '6a6f68cd210ed5a7d1f803eb'}.isdisjoint</failure></testcase><testcase classname="tests.test_review_iteration5" name="test_has_sku_filter" time="0.118" /></testsuite></testsuites>