<?xml version="1.0" encoding="utf-8"?><testsuites name="pytest tests"><testsuite name="pytest" errors="0" failures="0" skipped="0" tests="6" time="1.786" timestamp="2026-08-14T16:40:56.015765+00:00" hostname="agent-env-b58acf40-f707-44a3-8230-a88c858917a7"><testcase classname="backend.tests.test_pl_analyzer" name="test_analyzer_kpis" time="0.838" /><testcase classname="backend.tests.test_pl_analyzer" name="test_analyzer_trend" time="0.167" /><testcase classname="backend.tests.test_pl_analyzer" name="test_analyzer_accounts" time="0.153" /><testcase classname="backend.tests.test_pl_analyzer" name="test_sku_analysis_tree" time="0.137" /><testcase classname="backend.tests.test_pl_analyzer" name="test_analyzer_export_xlsx" time="0.180" /><testcase classname="backend.tests.test_pl_analyzer" name="test_analyzer_kpis_requires_auth" time="0.154" /></testsuite></testsuites>