<?xml version="1.0" encoding="utf-8"?><testsuites name="pytest tests"><testsuite name="pytest" errors="0" failures="0" skipped="0" tests="35" time="1.859" timestamp="2026-08-02T15:56:07.954439+00:00" hostname="agent-env-b58acf40-f707-44a3-8230-a88c858917a7"><testcase classname="tests.test_product_master_api.TestUpload" name="test_dry_run_then_commit" time="0.423" /><testcase classname="tests.test_product_master_api.TestUpload" name="test_skip_confirmation_direct_commit" time="0.034" /><testcase classname="tests.test_product_master_api.TestUpload" name="test_upsert_updates_existing" time="0.050" /><testcase classname="tests.test_product_master_api.TestUpload" name="test_unknown_account_surfaces" time="0.023" /><testcase classname="tests.test_product_master_api.TestUpload" name="test_sku_clash_detected" time="0.036" /><testcase classname="tests.test_product_master_api.TestCrudAndFilters" name="test_filter_by_category" time="0.035" /><testcase classname="tests.test_product_master_api.TestCrudAndFilters" name="test_filter_by_account" time="0.041" /><testcase classname="tests.test_product_master_api.TestCrudAndFilters" name="test_search_by_sku" time="0.046" /><testcase classname="tests.test_product_master_api.TestCrudAndFilters" name="test_search_by_color" time="0.049" /><testcase classname="tests.test_product_master_api.TestCrudAndFilters" name="test_has_sku_false" time="0.028" /><testcase classname="tests.test_product_master_api.TestCrudAndFilters" name="test_sort_cost_asc" time="0.030" /><testcase classname="tests.test_product_master_api.TestCrudAndFilters" name="test_pagination" time="0.050" /><testcase classname="tests.test_product_master_api.TestCrudAndFilters" name="test_create_update_delete" time="0.037" /><testcase classname="tests.test_product_master_api.TestTemplateAndExport" name="test_template_download" time="0.030" /><testcase classname="tests.test_product_master_api.TestTemplateAndExport" name="test_export_roundtrip" time="0.038" /><testcase classname="tests.test_product_master_api.TestSkuAnalysisTree" name="test_empty_tree_when_no_products" time="0.016" /><testcase classname="tests.test_product_master_api.TestSkuAnalysisTree" name="test_tree_reflects_pm_shape" time="0.034" /><testcase classname="tests.test_product_master_service.TestSplitCsvField" name="test_basic_comma" time="0.000" /><testcase classname="tests.test_product_master_service.TestSplitCsvField" name="test_semicolon_pipe_newline" time="0.000" /><testcase classname="tests.test_product_master_service.TestSplitCsvField" name="test_trim_dedupe_case_insensitive" time="0.000" /><testcase classname="tests.test_product_master_service.TestSplitCsvField" name="test_empty_and_nan" time="0.000" /><testcase classname="tests.test_product_master_service.TestSplitCsvField" name="test_number_input" time="0.000" /><testcase classname="tests.test_product_master_service.TestSafeFloat" name="test_cases[110-110.0_0]" time="0.000" /><testcase classname="tests.test_product_master_service.TestSafeFloat" name="test_cases[1,200-1200.0]" time="0.000" /><testcase classname="tests.test_product_master_service.TestSafeFloat" name="test_cases[  99.5 -99.5]" time="0.000" /><testcase classname="tests.test_product_master_service.TestSafeFloat" name="test_cases[110-110.0_1]" time="0.000" /><testcase classname="tests.test_product_master_service.TestSafeFloat" name="test_cases[-None]" time="0.000" /><testcase classname="tests.test_product_master_service.TestSafeFloat" name="test_cases[abc-None]" time="0.000" /><testcase classname="tests.test_product_master_service.TestSafeFloat" name="test_cases[None-None]" time="0.000" /><testcase classname="tests.test_product_master_service.TestSafeFloat" name="test_nan" time="0.000" /><testcase classname="tests.test_product_master_service.TestParseExcel" name="test_happy_path" time="0.009" /><testcase classname="tests.test_product_master_service.TestParseExcel" name="test_missing_required_columns_raises" time="0.007" /><testcase classname="tests.test_product_master_service.TestParseExcel" name="test_row_validation_errors" time="0.009" /><testcase classname="tests.test_product_master_service.TestParseExcel" name="test_empty_skus_and_sizes_allowed" time="0.008" /><testcase classname="tests.test_product_master_service.TestParseExcel" name="test_row_number_reflects_excel_row" time="0.030" /></testsuite></testsuites>