<?xml version="1.0" encoding="utf-8"?><testsuites name="pytest tests"><testsuite name="pytest" errors="0" failures="0" skipped="0" tests="23" time="19.246" timestamp="2026-04-30T11:52:01.275432+00:00" hostname="agent-env-fee1234a-471f-45ce-964c-01f10f7e16ae"><testcase classname="backend.tests.backend_test.TestAuth" name="test_login_success" time="0.619" /><testcase classname="backend.tests.backend_test.TestAuth" name="test_login_invalid" time="0.495" /><testcase classname="backend.tests.backend_test.TestAuth" name="test_me_requires_token" time="0.110" /><testcase classname="backend.tests.backend_test.TestAuth" name="test_me_with_token" time="0.773" /><testcase classname="backend.tests.backend_test.TestJobs" name="test_create_job_valid" time="0.497" /><testcase classname="backend.tests.backend_test.TestJobs" name="test_create_job_invalid_url" time="0.271" /><testcase classname="backend.tests.backend_test.TestJobs" name="test_bulk_create" time="0.723" /><testcase classname="backend.tests.backend_test.TestJobs" name="test_list_jobs_filter" time="0.725" /><testcase classname="backend.tests.backend_test.TestJobs" name="test_list_jobs_search" time="1.220" /><testcase classname="backend.tests.backend_test.TestJobs" name="test_jobs_stats" time="0.727" /><testcase classname="backend.tests.backend_test.TestJobs" name="test_retry_job" time="0.993" /><testcase classname="backend.tests.backend_test.TestJobs" name="test_retry_invalid_id" time="0.272" /><testcase classname="backend.tests.backend_test.TestJobs" name="test_retry_missing_id" time="0.498" /><testcase classname="backend.tests.backend_test.TestJobs" name="test_delete_invalid_id" time="0.272" /><testcase classname="backend.tests.backend_test.TestJobs" name="test_delete_missing_id" time="0.503" /><testcase classname="backend.tests.backend_test.TestJobs" name="test_delete_created_job" time="1.493" /><testcase classname="backend.tests.backend_test.TestJobs" name="test_reset_stuck" time="0.723" /><testcase classname="backend.tests.backend_test.TestProducts" name="test_list_products" time="0.741" /><testcase classname="backend.tests.backend_test.TestProducts" name="test_products_search" time="0.726" /><testcase classname="backend.tests.backend_test.TestProducts" name="test_products_sort" time="0.723" /><testcase classname="backend.tests.backend_test.TestProducts" name="test_product_detail" time="0.498" /><testcase classname="backend.tests.backend_test.TestProducts" name="test_product_detail_missing" time="0.495" /><testcase classname="backend.tests.backend_test.TestAnalytics" name="test_overview" time="5.006" /></testsuite></testsuites>